2025-07-16 21:52:07,025 - __main__ - INFO - Starting Trading Bot Setup...

2025-07-16 21:52:07,025 - __main__ - INFO - === Setting up directories ===
2025-07-16 21:52:07,026 - __main__ - INFO - Created directory: data
2025-07-16 21:52:07,026 - __main__ - INFO - Created directory: logs
2025-07-16 21:52:07,026 - __main__ - INFO - Created directory: backtest_results
2025-07-16 21:52:07,027 - __main__ - INFO - Created directory: config
2025-07-16 21:52:07,027 - __main__ - INFO - Created directory: strategies
2025-07-16 21:52:07,027 - __main__ - INFO - 
=== Checking dependencies ===
2025-07-16 21:52:10,829 - __main__ - WARNING - 
Missing 14 dependencies. Installing...
2025-07-16 21:53:44,798 - __main__ - INFO - 
=== Checking MetaTrader 5 ===
2025-07-16 21:53:50,144 - __main__ - INFO - MetaTrader5 package version: 5.0.5120
2025-07-16 21:53:50,156 - __main__ - INFO - MT5 terminal version: (500, 5147, '7 Jul 2025')
2025-07-16 21:53:50,157 - __main__ - INFO - 
=== Checking Redis server ===
2025-07-16 21:53:52,200 - __main__ - INFO - 
=== Checking environment variables ===
2025-07-16 21:53:52,208 - __main__ - INFO - 
=== Setup Complete ===
2025-07-16 21:53:52,208 - __main__ - INFO - Next steps:
2025-07-16 21:53:52,208 - __main__ - INFO - 1. Update your .env file with your MT5 credentials
2025-07-16 21:53:52,209 - __main__ - INFO - 2. Make sure MetaTrader 5 is installed and running
2025-07-16 21:53:52,209 - __main__ - INFO - 3. Run the bot: python run_phase1.py
2025-07-17 12:45:36,278 - __main__ - INFO - Starting Trading Bot Setup...

2025-07-17 12:45:36,279 - __main__ - INFO - === Setting up directories ===
2025-07-17 12:45:36,279 - __main__ - INFO - Created directory: data
2025-07-17 12:45:36,279 - __main__ - INFO - Created directory: logs
2025-07-17 12:45:36,279 - __main__ - INFO - Created directory: backtest_results
2025-07-17 12:45:36,279 - __main__ - INFO - Created directory: config
2025-07-17 12:45:36,279 - __main__ - INFO - Created directory: strategies
2025-07-17 12:45:36,279 - __main__ - INFO - 
=== Checking dependencies ===
2025-07-17 12:45:40,533 - __main__ - WARNING - 
Missing 11 dependencies. Installing...
2025-07-17 12:45:46,660 - __main__ - INFO - 
=== Checking MetaTrader 5 ===
2025-07-17 12:45:46,676 - __main__ - ERROR - MT5 initialize() failed, error code = (-6, 'Terminal: Authorization failed')
2025-07-17 12:45:46,677 - __main__ - ERROR - MetaTrader 5 setup failed. Please ensure MT5 is installed and configured.
2025-07-17 12:45:46,677 - __main__ - INFO - Download MT5 from: https://www.metatrader5.com/en/download
